  TrabajoParcial.cpp
C:\Users\lenovo\Desktop\TrabajoParcial\Nota.h(23,39): warning C4267: 'argumento': conversión de 'size_t' a 'uint'; posible pérdida de datos
  (compilando archivo de origen "TrabajoParcial.cpp")
  
C:\Users\lenovo\Desktop\TrabajoParcial\Nota.h(25,58): warning C4267: 'argumento': conversión de 'size_t' a 'uint'; posible pérdida de datos
  (compilando archivo de origen "TrabajoParcial.cpp")
  
C:\Users\lenovo\Desktop\TrabajoParcial\Nota.h(38,49): warning C4267: 'argumento': conversión de 'size_t' a 'uint'; posible pérdida de datos
  (compilando archivo de origen "TrabajoParcial.cpp")
  
C:\Users\lenovo\Desktop\TrabajoParcial\Nota.h(39,32): warning C4267: 'argumento': conversión de 'size_t' a 'int'; posible pérdida de datos
  (compilando archivo de origen "TrabajoParcial.cpp")
  
C:\Users\lenovo\Desktop\TrabajoParcial\Nota.h(39,26): warning C4244: 'argumento': conversión de 'int' a 'float'; posible pérdida de datos
  (compilando archivo de origen "TrabajoParcial.cpp")
  
C:\Users\lenovo\Desktop\TrabajoParcial\Nota.h(40,60): warning C4267: 'argumento': conversión de 'size_t' a 'uint'; posible pérdida de datos
  (compilando archivo de origen "TrabajoParcial.cpp")
  
C:\Users\lenovo\Desktop\TrabajoParcial\Nota.h(40,59): warning C4244: 'argumento': conversión de 'T' a 'float'; posible pérdida de datos
C:\Users\lenovo\Desktop\TrabajoParcial\Nota.h(40,59): warning C4244:         with
C:\Users\lenovo\Desktop\TrabajoParcial\Nota.h(40,59): warning C4244:         [
C:\Users\lenovo\Desktop\TrabajoParcial\Nota.h(40,59): warning C4244:             T=int
C:\Users\lenovo\Desktop\TrabajoParcial\Nota.h(40,59): warning C4244:         ]
  (compilando archivo de origen "TrabajoParcial.cpp")
  
C:\Users\lenovo\Desktop\TrabajoParcial\Nota.h(57,33): warning C4267: 'argumento': conversión de 'size_t' a 'uint'; posible pérdida de datos
  (compilando archivo de origen "TrabajoParcial.cpp")
  
C:\Users\lenovo\Desktop\TrabajoParcial\Nota.h(59,53): warning C4267: 'argumento': conversión de 'size_t' a 'uint'; posible pérdida de datos
  (compilando archivo de origen "TrabajoParcial.cpp")
  
C:\Users\lenovo\Desktop\TrabajoParcial\Nota.h(61,41): warning C4267: 'argumento': conversión de 'size_t' a 'uint'; posible pérdida de datos
  (compilando archivo de origen "TrabajoParcial.cpp")
  
C:\Users\lenovo\Desktop\TrabajoParcial\Nota.h(61,67): warning C4267: 'argumento': conversión de 'size_t' a 'uint'; posible pérdida de datos
  (compilando archivo de origen "TrabajoParcial.cpp")
  
C:\Users\lenovo\Desktop\TrabajoParcial\Nota.h(65,37): warning C4267: 'argumento': conversión de 'size_t' a 'uint'; posible pérdida de datos
  (compilando archivo de origen "TrabajoParcial.cpp")
  
C:\Users\lenovo\Desktop\TrabajoParcial\Curso.h(25,47): warning C4267: 'argumento': conversión de 'size_t' a 'uint'; posible pérdida de datos
  (compilando archivo de origen "TrabajoParcial.cpp")
  
C:\Users\lenovo\Desktop\TrabajoParcial\Curso.h(26,49): warning C4267: 'argumento': conversión de 'size_t' a 'uint'; posible pérdida de datos
  (compilando archivo de origen "TrabajoParcial.cpp")
  
C:\Users\lenovo\Desktop\TrabajoParcial\Curso.h(29,68): warning C4267: 'argumento': conversión de 'size_t' a 'uint'; posible pérdida de datos
  (compilando archivo de origen "TrabajoParcial.cpp")
  
C:\Users\lenovo\Desktop\TrabajoParcial\Curso.h(44,49): warning C4267: 'argumento': conversión de 'size_t' a 'uint'; posible pérdida de datos
  (compilando archivo de origen "TrabajoParcial.cpp")
  
C:\Users\lenovo\Desktop\TrabajoParcial\Curso.h(48,68): warning C4267: 'argumento': conversión de 'size_t' a 'uint'; posible pérdida de datos
  (compilando archivo de origen "TrabajoParcial.cpp")
  
C:\Users\lenovo\Desktop\TrabajoParcial\TrabajoParcial.cpp(116,46): warning C4267: 'argumento': conversión de 'size_t' a 'uint'; posible pérdida de datos
C:\Users\lenovo\Desktop\TrabajoParcial\TrabajoParcial.cpp(132,37): warning C4018: '>': no coinciden signed/unsigned
C:\Users\lenovo\Desktop\TrabajoParcial\TrabajoParcial.cpp(160,43): warning C4267: 'argumento': conversión de 'size_t' a 'uint'; posible pérdida de datos
C:\Users\lenovo\Desktop\TrabajoParcial\TrabajoParcial.cpp(171,39): warning C4018: '>': no coinciden signed/unsigned
C:\Users\lenovo\Desktop\TrabajoParcial\TrabajoParcial.cpp(83,10): warning C4101: 'volver': variable local sin referencia
C:\Users\lenovo\Desktop\TrabajoParcial\TrabajoParcial.cpp(226,12): warning C4244: 'argumento': conversión de 'time_t' a 'unsigned int'; posible pérdida de datos
C:\Users\lenovo\Desktop\TrabajoParcial\TrabajoParcial.cpp(256,23): warning C4018: '<': no coinciden signed/unsigned
C:\Users\lenovo\Desktop\TrabajoParcial\TrabajoParcial.cpp(257,14): warning C4129: 'P': secuencia de escape de carácter no reconocida
C:\Users\lenovo\Desktop\TrabajoParcial\TrabajoParcial.cpp(264,38): warning C4018: '>': no coinciden signed/unsigned
C:\Users\lenovo\Desktop\TrabajoParcial\TrabajoParcial.cpp(296,23): warning C4018: '<': no coinciden signed/unsigned
C:\Users\lenovo\Desktop\TrabajoParcial\TrabajoParcial.cpp(357,23): warning C4018: '<': no coinciden signed/unsigned
C:\Users\lenovo\Desktop\TrabajoParcial\TrabajoParcial.cpp(367,92): warning C4267: 'argumento': conversión de 'size_t' a 'uint'; posible pérdida de datos
C:\Users\lenovo\Desktop\TrabajoParcial\TrabajoParcial.cpp(367,209): warning C4267: 'argumento': conversión de 'size_t' a 'uint'; posible pérdida de datos
C:\Users\lenovo\Desktop\TrabajoParcial\TrabajoParcial.cpp(382,23): warning C4018: '<': no coinciden signed/unsigned
C:\Users\lenovo\Desktop\TrabajoParcial\TrabajoParcial.cpp(388,92): warning C4267: 'argumento': conversión de 'size_t' a 'uint'; posible pérdida de datos
C:\Users\lenovo\Desktop\TrabajoParcial\TrabajoParcial.cpp(388,209): warning C4267: 'argumento': conversión de 'size_t' a 'uint'; posible pérdida de datos
C:\Users\lenovo\Desktop\TrabajoParcial\TrabajoParcial.cpp(408,23): warning C4018: '<': no coinciden signed/unsigned
C:\Users\lenovo\Desktop\TrabajoParcial\TrabajoParcial.cpp(426,23): warning C4018: '<': no coinciden signed/unsigned
C:\Users\lenovo\Desktop\TrabajoParcial\TrabajoParcial.cpp(251,9): warning C4101: 'op': variable local sin referencia
C:\Users\lenovo\Desktop\TrabajoParcial\Lista.h(90,27): warning C4018: '<': no coinciden signed/unsigned
  (compilando archivo de origen "TrabajoParcial.cpp")
  C:\Users\lenovo\Desktop\TrabajoParcial\Lista.h(90,27):
  el contexto de creación de instancias de la plantilla (el más antiguo primero) es
  	C:\Users\lenovo\Desktop\TrabajoParcial\Calificar.h(14,15):
  	Vea la referencia a la creación de una instancia de clase plantilla "Lista<float>" que se está compilando
  	C:\Users\lenovo\Desktop\TrabajoParcial\Lista.h(83,44):
  	al compilar la función del miembro clase plantilla "void Lista<float>::agregaPos(T,uint)"
          with
          [
              T=float
          ]
  		C:\Users\lenovo\Desktop\TrabajoParcial\Calificar.h(29,25):
  		vea la primera referencia a “Lista<float>::agregaPos” en “CCalificar::setNota”
  
C:\Users\lenovo\Desktop\TrabajoParcial\Lista.h(177,27): warning C4018: '<': no coinciden signed/unsigned
  (compilando archivo de origen "TrabajoParcial.cpp")
  C:\Users\lenovo\Desktop\TrabajoParcial\Lista.h(177,27):
  el contexto de creación de instancias de la plantilla (el más antiguo primero) es
  	C:\Users\lenovo\Desktop\TrabajoParcial\Lista.h(174,34):
  	al compilar la función del miembro clase plantilla "T Lista<T>::obtenerPos(uint)"
          with
          [
              T=float
          ]
  		C:\Users\lenovo\Desktop\TrabajoParcial\Nota.h(61,14):
  		vea la primera referencia a “Lista<float>::obtenerPos” en “CNota::obtenerPromedio”
  
  TrabajoParcial.vcxproj -> C:\Users\lenovo\Desktop\TrabajoParcial\x64\Debug\TrabajoParcial.exe
